<?xml version="1.0" encoding="UTF-8" ?>
<testsuite failures="0" time="1,859.043" errors="0" skipped="173" tests="178" name="TestSuite">
  <properties>
[...]
</properties>
  <testcase time="0" classname="streamcruncher.test.func.oracle.OracleSlidingWFEvtDropTest" name="performTest">
    <skipped/>
  </testcase>
  <testcase time="0.002" classname="streamcruncher.test.func.h2.H2TimeWindowFPerfTest" name="performTest">
    <skipped/>
  </testcase>
  <testcase time="0.002" classname="streamcruncher.test.func.pointbase.PointBaseSlidingNewWindowFPerfTest" name="performTest">
    <skipped/>
  </testcase>
  <testcase time="0.002" classname="streamcruncher.test.func.h2.H2ReStockAlertTest" name="performTest">
    <skipped/>
  </testcase>
  <testcase time="0.002" classname="streamcruncher.test.func.solid.SolidOAFJoinTest" name="performTest">
    <skipped/>
  </testcase>
  <testcase time="0.002" classname="streamcruncher.test.func.oracle.OracleCaseWhenClauseTest" name="performTest">
    <skipped/>
  </testcase>
  <testcase time="0.002" classname="streamcruncher.test.func.oracle.OracleRandomRowsWindowFTest" name="performTest">
    <skipped/>
  </testcase>
  <testcase time="0.003" classname="streamcruncher.test.func.mysql.MySQLSlidingWF1PartitionTest" name="performTest">
    <skipped/>
  </testcase>
  <testcase time="0.003" classname="streamcruncher.test.func.derby.DerbyTimeWF1ChainedPartitionTest" name="performTest">
    <skipped/>
  </testcase>
  <testcase time="0.003" classname="streamcruncher.test.func.solid.SolidShipmentAggregatorTest" name="performTest">
    <skipped/>
  </testcase>
  <testcase time="0.003" classname="streamcruncher.test.func.pointbase.PointBaseTimeWF1PartitionTest" name="performTest">
    <skipped/>
  </testcase>
  <testcase time="0.003" classname="streamcruncher.test.func.oracle.OracleLowestRowsWindowFTest" name="performTest">
    <skipped/>
  </testcase>
  <testcase time="0.003" classname="streamcruncher.test.func.h2.H2SlidingNewWindowFPerfTest" name="performTest">
    <skipped/>
  </testcase>
  <testcase time="0.003" classname="streamcruncher.test.nonfunc.h2.H2StartupShutdown3Test" name="performTest">
    <skipped/>
  </testcase>
  <testcase time="0.003" classname="streamcruncher.test.func.firebird.FirebirdTimeWF2PartitionAggTest" name="performTest">
    <skipped/>
  </testcase>
  <testcase time="0.003" classname="streamcruncher.test.func.oracle.OracleSlidingDeadWindowFTest" name="performTest">
    <skipped/>
  </testcase>
  <testcase time="0.003" classname="streamcruncher.test.func.h2.H2PreFilterSyntaxTest" name="performTest">
    <skipped/>
  </testcase>
  <testcase time="0.003" classname="streamcruncher.test.func.mysql.MySQLTumblingWindowFTest" name="performTest">
    <skipped/>
  </testcase>
  <testcase time="0.003" classname="streamcruncher.test.func.oraclett.OracleSlidingWF1PartitionTest" name="performTest">
    <skipped/>
  </testcase>
  <testcase time="0.003" classname="streamcruncher.test.func.solid.SolidReStockAlertTest" name="performTest">
    <skipped/>
  </testcase>
  <testcase time="0.003" classname="streamcruncher.test.func.h2.H2SLAAlertCorrelationTest" name="performTest">
    <skipped/>
  </testcase>
  <testcase time="0.003" classname="streamcruncher.test.func.oraclett.OracleTimeWF1PartitionAvgCountTest" name="performTest">
    <skipped/>
  </testcase>
  <testcase time="0.003" classname="streamcruncher.test.func.oraclett.OracleSlidingNewWindowFPerfTest" name="performTest">
    <skipped/>
  </testcase>
  <testcase time="0.003" classname="streamcruncher.test.func.oraclett.OracleReStockAlertTest" name="performTest">
    <skipped/>
  </testcase>
  <testcase time="0.003" classname="streamcruncher.test.func.h2.H2ClusterHealthTest" name="performTest">
    <skipped/>
  </testcase>
  <testcase time="0.003" classname="streamcruncher.test.func.derby.DerbySLAAlertTest" name="performTest">
    <skipped/>
  </testcase>
  <testcase time="0.003" classname="streamcruncher.test.func.oracle.OracleMultiStreamEventGeneratorChainTest" name="performTest">
    <skipped/>
  </testcase>
  <testcase time="0.004" classname="streamcruncher.test.func.h2.H2SLAAlertTest" name="performTest">
    <skipped/>
  </testcase>
  <testcase time="0.004" classname="streamcruncher.test.func.h2.H2RandomRowsWindowFTest" name="performTest">
    <skipped/>
  </testcase>
  <testcase time="0.004" classname="streamcruncher.test.func.h2.H2TumblingWF1PartitionEvtWtTest" name="performTest">
    <skipped/>
  </testcase>
  <testcase time="0.004" classname="streamcruncher.test.func.ants.AntsShipmentAggregatorTest" name="performTest">
    <skipped/>
  </testcase>
  <testcase time="0.004" classname="streamcruncher.test.func.oraclett.OracleCaseWhenClauseTest" name="performTest">
    <skipped/>
  </testcase>
  <testcase time="0.004" classname="streamcruncher.test.func.oracle.OracleSlidingWF2PartitionTest" name="performTest">
    <skipped/>
  </testcase>
  <testcase time="0.004" classname="streamcruncher.test.func.oraclett.OracleOAFJoinTest" name="performTest">
    <skipped/>
  </testcase>
  <testcase time="0.004" classname="streamcruncher.test.func.oracle.OracleTimeWindowFTest" name="performTest">
    <skipped/>
  </testcase>
  <testcase time="0.004" classname="streamcruncher.test.func.oracle.OracleSLAAlertCorrelationTest" name="performTest">
    <skipped/>
  </testcase>
  <testcase time="0.004" classname="streamcruncher.test.misc.UndoTest" name="test">
    <skipped/>
  </testcase>
  <testcase time="0.004" classname="streamcruncher.test.func.h2.H2SlidingDeadWindowFTest" name="performTest">
    <skipped/>
  </testcase>
  <testcase time="0.004" classname="streamcruncher.test.misc.ReusableCountDownLatchTest" name="test">
    <skipped/>
  </testcase>
  <testcase time="0.004" classname="streamcruncher.test.func.oraclett.OracleTimeMaxWindowFTest" name="performTest">
    <skipped/>
  </testcase>
  <testcase time="0.004" classname="streamcruncher.test.func.pointbase.PointBaseTopSellingItemsUpdateGroupTest" name="performTest">
    <skipped/>
  </testcase>
  <testcase time="0.005" classname="streamcruncher.test.func.h2.H2TopOrLimitClauseTest" name="performTest">
    <skipped/>
  </testcase>
  <testcase time="0.005" classname="streamcruncher.test.func.oraclett.OracleSlidingWF2PartitionTest" name="performTest">
    <skipped/>
  </testcase>
  <testcase time="0.005" classname="streamcruncher.test.func.h2.H2SlidingWindowFTest" name="performTest">
    <skipped/>
  </testcase>
  <testcase time="0.005" classname="streamcruncher.test.func.mysql.MySQLSlidingNewWindowFPerfTest" name="performTest">
    <skipped/>
  </testcase>
  <testcase time="0.005" classname="streamcruncher.test.func.oracle.OracleTimeWF2PartitionAggTest" name="performTest">
    <skipped/>
  </testcase>
  <testcase time="0.005" classname="streamcruncher.test.func.oraclett.OracleSlidingNewWindowFTest" name="performTest">
    <skipped/>
  </testcase>
  <testcase time="0.005" classname="streamcruncher.test.func.mysql.MySQLOAFJoinTest" name="performTest">
    <skipped/>
  </testcase>
  <testcase time="0.005" classname="streamcruncher.test.func.mysql.MySQLSlidingWindowFTest" name="performTest">
    <skipped/>
  </testcase>
  <testcase time="0.005" classname="streamcruncher.test.func.oraclett.OracleSlidingWindowFTest" name="performTest">
    <skipped/>
  </testcase>
  <testcase time="0.005" classname="streamcruncher.test.func.firebird.FirebirdSLAAlertTest" name="performTest">
    <skipped/>
  </testcase>
  <testcase time="0.005" classname="streamcruncher.test.func.oracle.OracleTimeWF1ChainedPartitionTest" name="performTest">
    <skipped/>
  </testcase>
  <testcase time="0.005" classname="streamcruncher.test.func.solid.SolidTopSellingItemsTest" name="performTest">
    <skipped/>
  </testcase>
  <testcase time="0.005" classname="streamcruncher.test.func.solid.SolidSLAAlertTest" name="performTest">
    <skipped/>
  </testcase>
  <testcase time="0.005" classname="streamcruncher.test.func.oraclett.OracleTimeWF1PartitionTest" name="performTest">
    <skipped/>
  </testcase>
  <testcase time="0.005" classname="streamcruncher.test.func.h2.H2StockPriceComparisonTest" name="performTest">
    <skipped/>
  </testcase>
  <testcase time="0.005" classname="streamcruncher.test.func.pointbase.PointBaseSLAAlertTest" name="performTest">
    <skipped/>
  </testcase>
  <testcase time="0.005" classname="streamcruncher.test.func.ants.AntsSlidingDeadWindowFTest" name="performTest">
    <skipped/>
  </testcase>
  <testcase time="0.005" classname="streamcruncher.test.func.oracle.OracleOAConfigurableFTest" name="performTest">
    <skipped/>
  </testcase>
  <testcase time="0.005" classname="streamcruncher.test.func.h2.H2CaseWhenClauseTest" name="performTest">
    <skipped/>
  </testcase>
  <testcase time="0.006" classname="streamcruncher.test.func.oracle.OracleSlidingWindowFTest" name="performTest">
    <skipped/>
  </testcase>
  <testcase time="0.006" classname="streamcruncher.test.func.oracle.OracleSlidingWF3PartitionWhereTest" name="performTest">
    <skipped/>
  </testcase>
  <testcase time="0.006" classname="streamcruncher.test.func.firebird.FirebirdTimeWF1ChainedPartitionTest" name="performTest">
    <skipped/>
  </testcase>
  <testcase time="0.006" classname="streamcruncher.test.nonfunc.oraclett.OracleFunctionGCTest" name="performTest">
    <skipped/>
  </testcase>
  <testcase time="0.006" classname="streamcruncher.test.func.oraclett.OracleTimeWF1ChainedPartitionTest" name="performTest">
    <skipped/>
  </testcase>
  <testcase time="0.006" classname="streamcruncher.test.func.h2.H2TimeWF1ChainedPartitionTest" name="performTest">
    <skipped/>
  </testcase>
  <testcase time="0.006" classname="streamcruncher.test.func.ants.AntsOAFJoinTest" name="performTest">
    <skipped/>
  </testcase>
  <testcase time="0.006" classname="streamcruncher.test.func.mysql.MySQLSLAAlertTest" name="performTest">
    <skipped/>
  </testcase>
  <testcase time="0.006" classname="streamcruncher.test.func.oracle.OracleClusterHealthTest" name="performTest">
    <skipped/>
  </testcase>
  <testcase time="0.006" classname="streamcruncher.test.func.oraclett.OracleSlidingWF3PartitionWhereTest" name="performTest">
    <skipped/>
  </testcase>
  <testcase time="0.006" classname="streamcruncher.test.func.oracle.OracleTimeMaxWindowFTest" name="performTest">
    <skipped/>
  </testcase>
  <testcase time="0.006" classname="streamcruncher.test.func.h2.H2ThreeEventOrderTest" name="performTest">
    <skipped/>
  </testcase>
  <testcase time="0.006" classname="streamcruncher.test.func.h2.H2StockPriceComparison2Test" name="performTest">
    <skipped/>
  </testcase>
  <testcase time="0.006" classname="streamcruncher.test.func.mysql.MySQLTimeMaxWindowFTest" name="performTest">
    <skipped/>
  </testcase>
  <testcase time="0.006" classname="streamcruncher.test.func.h2.H2TopSellingItemsTest" name="performTest">
    <skipped/>
  </testcase>
  <testcase time="0.006" classname="streamcruncher.test.func.pointbase.PointBaseTimeWindowFPerfTest" name="performTest">
    <skipped/>
  </testcase>
  <testcase time="0.006" classname="streamcruncher.test.func.mysql.MySQLTumblingWF1PartitionPauseTest" name="performTest">
    <skipped/>
  </testcase>
  <testcase time="0.006" classname="streamcruncher.test.func.oraclett.OracleTopOrLimitClauseTest" name="performTest">
    <skipped/>
  </testcase>
  <testcase time="0.006" classname="streamcruncher.test.func.mysql.MySQLTimeWF1PartitionTest" name="performTest">
    <skipped/>
  </testcase>
  <testcase time="0.006" classname="streamcruncher.test.func.solid.SolidTimeWF1ChainedPartitionTest" name="performTest">
    <skipped/>
  </testcase>
  <testcase time="0.007" classname="streamcruncher.test.func.oraclett.OracleHighestRowsWindowFTest" name="performTest">
    <skipped/>
  </testcase>
  <testcase time="0.007" classname="streamcruncher.test.func.pointbase.PointBasePreFilterTriggerTest" name="performTest">
    <skipped/>
  </testcase>
  <testcase time="0.007" classname="streamcruncher.test.func.solid.SolidOAConfigurableFTest" name="performTest">
    <skipped/>
  </testcase>
  <testcase time="0.007" classname="streamcruncher.test.func.ants.AntsReStockAlertTest" name="performTest">
    <skipped/>
  </testcase>
  <testcase time="0.007" classname="streamcruncher.test.func.h2.H2OAFJoinTest" name="performTest">
    <skipped/>
  </testcase>
  <testcase time="0.007" classname="streamcruncher.test.func.pointbase.PointBaseShipmentAggregatorTest" name="performTest">
    <skipped/>
  </testcase>
  <testcase time="0.007" classname="streamcruncher.test.func.oracle.OracleTimeWF1PartitionTest" name="performTest">
    <skipped/>
  </testcase>
  <testcase time="0.007" classname="streamcruncher.test.func.oraclett.OracleTimeWF2PartitionAggTest" name="performTest">
    <skipped/>
  </testcase>
  <testcase time="0.007" classname="streamcruncher.test.func.h2.H2TimeMaxWindowFTest" name="performTest">
    <skipped/>
  </testcase>
  <testcase time="0.007" classname="streamcruncher.test.func.h2.H2ReStockAlertPerfTest" name="performTest">
    <skipped/>
  </testcase>
  <testcase time="0.007" classname="streamcruncher.test.func.h2.H2TimeWindowFTest" name="performTest">
    <skipped/>
  </testcase>
  <testcase time="0.007" classname="streamcruncher.test.func.h2.H2TimeWFPartitionWinSizeProviderTest" name="performTest">
    <skipped/>
  </testcase>
  <testcase time="0.007" classname="streamcruncher.test.func.oracle.OracleTimeWindowFPerfTest" name="performTest">
    <skipped/>
  </testcase>
  <testcase time="0.007" classname="streamcruncher.test.func.mysql.MySQLHighestRowsWindowFTest" name="performTest">
    <skipped/>
  </testcase>
  <testcase time="0.007" classname="streamcruncher.test.func.oracle.OracleTumblingWF1PartitionPauseTest" name="performTest">
    <skipped/>
  </testcase>
  <testcase time="0.007" classname="streamcruncher.test.func.ants.AntsTopSellingItemsTest" name="performTest">
    <skipped/>
  </testcase>
  <testcase time="0.007" classname="streamcruncher.test.func.oracle.OracleHighestRowsWindowFTest" name="performTest">
    <skipped/>
  </testcase>
  <testcase time="0.007" classname="streamcruncher.test.func.oracle.OracleSLAAlertTest" name="performTest">
    <skipped/>
  </testcase>
  <testcase time="0.008" classname="streamcruncher.test.func.oraclett.OracleRandomRowsWindowFTest" name="performTest">
    <skipped/>
  </testcase>
  <testcase time="0.008" classname="streamcruncher.test.func.pointbase.PointBaseTimeWF2PartitionAggTest" name="performTest">
    <skipped/>
  </testcase>
  <testcase time="0.008" classname="streamcruncher.test.func.pointbase.PointBaseReStockAlertTest" name="performTest">
    <skipped/>
  </testcase>
  <testcase time="0.008" classname="streamcruncher.test.func.ants.AntsSLAAlertTest" name="performTest">
    <skipped/>
  </testcase>
  <testcase time="0.008" classname="streamcruncher.test.func.mysql.MySQLSlidingWF2PartitionTest" name="performTest">
    <skipped/>
  </testcase>
  <testcase time="0.008" classname="streamcruncher.test.func.oracle.OracleTumblingWF1PartitionEvtWtTest" name="performTest">
    <skipped/>
  </testcase>
  <testcase time="0.008" classname="streamcruncher.test.nonfunc.h2.H2StartupShutdown1Test" name="performTest">
    <skipped/>
  </testcase>
  <testcase time="0.008" classname="streamcruncher.test.func.oraclett.OraclePreFilterTriggerTest" name="performTest">
    <skipped/>
  </testcase>
  <testcase time="0.008" classname="streamcruncher.test.func.h2.H2SlidingWFEvtDropTest" name="performTest">
    <skipped/>
  </testcase>
  <testcase time="0.008" classname="streamcruncher.test.func.mysql.MySQLTimeWindowFPerfTest" name="performTest">
    <skipped/>
  </testcase>
  <testcase time="0.008" classname="streamcruncher.test.func.oraclett.OracleReStockAlertPerfTest" name="performTest">
    <skipped/>
  </testcase>
  <testcase time="0.008" classname="streamcruncher.test.func.h2.H2ShipmentAggregatorTest" name="performTest">
    <skipped/>
  </testcase>
  <testcase time="0.008" classname="streamcruncher.test.func.h2.H2CorrelationPerfTest" name="performTest">
    <skipped/>
  </testcase>
  <testcase time="0.008" classname="streamcruncher.test.func.h2.H2HighestRowsWindowFTest" name="performTest">
    <skipped/>
  </testcase>
  <testcase time="0.008" classname="streamcruncher.test.func.h2.H2SlidingNewWindowFTest" name="performTest">
    <skipped/>
  </testcase>
  <testcase time="0.008" classname="streamcruncher.test.func.pointbase.PointBaseTimeWF1ChainedPartitionTest" name="performTest">
    <skipped/>
  </testcase>
  <testcase time="0.008" classname="streamcruncher.test.func.h2.H2OAConfigurableFTest" name="performTest">
    <skipped/>
  </testcase>
  <testcase time="0.008" classname="streamcruncher.test.func.oraclett.OracleSLAAlertTest" name="performTest">
    <skipped/>
  </testcase>
  <testcase time="0.008" classname="streamcruncher.test.func.h2.H2TimeWF1PartitionTest" name="performTest">
    <skipped/>
  </testcase>
  <testcase time="0.009" classname="streamcruncher.test.func.h2.H2LowestRowsWindowFTest" name="performTest">
    <skipped/>
  </testcase>
  <testcase time="0.009" classname="streamcruncher.test.func.h2.H2SlidingWF3PartitionWhereTest" name="performTest">
    <skipped/>
  </testcase>
  <testcase time="0.009" classname="streamcruncher.test.func.oracle.OracleOAFJoinTest" name="performTest">
    <skipped/>
  </testcase>
  <testcase time="0.009" classname="streamcruncher.test.func.ants.AntsTimeWF2PartitionAggTest" name="performTest">
    <skipped/>
  </testcase>
  <testcase time="0.009" classname="streamcruncher.test.func.mysql.MySQLLowestRowsWindowFTest" name="performTest">
    <skipped/>
  </testcase>
  <testcase time="0.009" classname="streamcruncher.test.func.derby.DerbyOAConfigurableFTest" name="performTest">
    <skipped/>
  </testcase>
  <testcase time="0.009" classname="streamcruncher.test.func.oraclett.OracleSlidingDeadWindowFTest" name="performTest">
    <skipped/>
  </testcase>
  <testcase time="0.009" classname="streamcruncher.test.func.pointbase.PointBaseCaseWhenClauseTest" name="performTest">
    <skipped/>
  </testcase>
  <testcase time="0.009" classname="streamcruncher.test.func.mysql.MySQLSlidingNewWindowFTest" name="performTest">
    <skipped/>
  </testcase>
  <testcase time="0.009" classname="streamcruncher.test.func.h2.H2CorrelationExpressionsTest" name="performTest">
    <skipped/>
  </testcase>
  <testcase time="0.009" classname="streamcruncher.test.func.oraclett.OracleTimeWindowFPerfTest" name="performTest">
    <skipped/>
  </testcase>
  <testcase time="0.009" classname="streamcruncher.test.func.h2.H2TimeWF1PartitionAvgCountTest" name="performTest">
    <skipped/>
  </testcase>
  <testcase time="0.009" classname="streamcruncher.test.func.oracle.OracleTimeWF1PartitionAvgCountTest" name="performTest">
    <skipped/>
  </testcase>
  <testcase time="0.009" classname="streamcruncher.test.func.h2.H2PreFilterTriggerTest" name="performTest">
    <skipped/>
  </testcase>
  <testcase time="0.009" classname="streamcruncher.test.func.h2.H2TopSellingItemsUpdateGroupTest" name="performTest">
    <skipped/>
  </testcase>
  <testcase time="0.009" classname="streamcruncher.test.func.oraclett.OracleTimeWindowFTest" name="performTest">
    <skipped/>
  </testcase>
  <testcase time="0.009" classname="streamcruncher.test.func.derby.DerbyTimeWF2PartitionAggTest" name="performTest">
    <skipped/>
  </testcase>
  <testcase time="0.009" classname="streamcruncher.test.func.mysql.MySQLSlidingWF3PartitionWhereTest" name="performTest">
    <skipped/>
  </testcase>
  <testcase time="0.009" classname="streamcruncher.test.func.mysql.MySQLSlidingDeadWindowFTest" name="performTest">
    <skipped/>
  </testcase>
  <testcase time="0.01" classname="streamcruncher.test.func.mysql.MySQLOAConfigurableFTest" name="performTest">
    <skipped/>
  </testcase>
  <testcase time="0.01" classname="streamcruncher.test.func.solid.SolidCaseWhenClauseTest" name="performTest">
    <skipped/>
  </testcase>
  <testcase time="0.01" classname="streamcruncher.test.func.mysql.MySQLTumblingWF1PartitionEvtWtTest" name="performTest">
    <skipped/>
  </testcase>
  <testcase time="0.01" classname="streamcruncher.test.func.firebird.FirebirdOAConfigurableFTest" name="performTest">
    <skipped/>
  </testcase>
  <testcase time="0.01" classname="streamcruncher.test.func.h2.H2TumblingWF1PartitionPauseTest" name="performTest">
    <skipped/>
  </testcase>
  <testcase time="0.01" classname="streamcruncher.test.nonfunc.mysql.MySQLStartupShutdown1Test" name="performTest">
    <skipped/>
  </testcase>
  <testcase time="0.01" classname="streamcruncher.test.func.mysql.MySQLTimeWindowFTest" name="performTest">
    <skipped/>
  </testcase>
  <testcase time="0.01" classname="streamcruncher.test.func.h2.H2MultiStreamEventGeneratorTest" name="performTest">
    <skipped/>
  </testcase>
  <testcase time="0.01" classname="streamcruncher.test.func.oraclett.OracleLowestRowsWindowFTest" name="performTest">
    <skipped/>
  </testcase>
  <testcase time="0.01" classname="streamcruncher.test.func.mysql.MySQLTimeWF1PartitionAvgCountTest" name="performTest">
    <skipped/>
  </testcase>
  <testcase time="0.01" classname="streamcruncher.test.func.ants.AntsTopSellingItemsUpdateGroupTest" name="performTest">
    <skipped/>
  </testcase>
  <testcase time="0.01" classname="streamcruncher.test.func.h2.H2SlidingWF1PartitionTest" name="performTest">
    <skipped/>
  </testcase>
  <testcase time="0.01" classname="streamcruncher.test.func.oracle.OracleMultiStreamEventGeneratorTest" name="performTest">
    <skipped/>
  </testcase>
  <testcase time="0.01" classname="streamcruncher.test.nonfunc.h2.H2StartupShutdown2Test" name="performTest">
    <skipped/>
  </testcase>
  <testcase time="0.01" classname="streamcruncher.test.func.oraclett.OracleTumblingWindowFTest" name="performTest">
    <skipped/>
  </testcase>
  <testcase time="0.01" classname="streamcruncher.test.func.mysql.MySQLSlidingWFEvtDropTest" name="performTest">
    <skipped/>
  </testcase>
  <testcase time="0.01" classname="streamcruncher.test.func.oraclett.OracleTumblingWF1PartitionEvtWtTest" name="performTest">
    <skipped/>
  </testcase>
  <testcase time="0.01" classname="streamcruncher.test.func.oracle.OracleTumblingWindowFTest" name="performTest">
    <skipped/>
  </testcase>
  <testcase time="0.011" classname="streamcruncher.test.func.oraclett.OracleOAConfigurableFTest" name="performTest">
    <skipped/>
  </testcase>
  <testcase time="0.011" classname="streamcruncher.test.func.oraclett.OracleTumblingWF1PartitionPauseTest" name="performTest">
    <skipped/>
  </testcase>
  <testcase time="0.011" classname="streamcruncher.test.func.h2.H2TimeWF2PartitionAggTest" name="performTest">
    <skipped/>
  </testcase>
  <testcase time="0.011" classname="streamcruncher.test.func.h2.H2TumblingWindowFTest" name="performTest">
    <skipped/>
  </testcase>
  <testcase time="0.011" classname="streamcruncher.test.func.oraclett.OracleSlidingWFEvtDropTest" name="performTest">
    <skipped/>
  </testcase>
  <testcase time="0.011" classname="streamcruncher.test.nonfunc.oraclett.OracleStartupShutdown1Test" name="performTest">
    <skipped/>
  </testcase>
  <testcase time="0.011" classname="streamcruncher.test.func.solid.SolidTimeWF2PartitionAggTest" name="performTest">
    <skipped/>
  </testcase>
  <testcase time="0.011" classname="streamcruncher.test.func.mysql.MySQLRandomRowsWindowFTest" name="performTest">
    <skipped/>
  </testcase>
  <testcase time="0.011" classname="streamcruncher.test.func.h2.H2SlidingWF2PartitionTest" name="performTest">
    <skipped/>
  </testcase>
  <testcase time="0.011" classname="streamcruncher.test.func.mysql.MySQLTimeWF1ChainedPartitionTest" name="performTest">
    <skipped/>
  </testcase>
  <testcase time="0.011" classname="streamcruncher.test.func.mysql.MySQLTimeWF2PartitionAggTest" name="performTest">
    <skipped/>
  </testcase>
  <testcase time="0.011" classname="streamcruncher.test.func.h2.H2MultiStreamEventGeneratorChainTest" name="performTest">
    <skipped/>
  </testcase>
  <testcase time="0.011" classname="streamcruncher.test.func.h2.H2OutOfOrderEventTest" name="performTest">
    <skipped/>
  </testcase>
  <testcase time="0.011" classname="streamcruncher.test.func.oracle.OracleReStockAlertTest" name="performTest">
    <skipped/>
  </testcase>
  <testcase time="0.012" classname="streamcruncher.test.func.firebird.FirebirdOAFJoinTest" name="performTest">
    <skipped/>
  </testcase>
  <testcase time="0.012" classname="streamcruncher.test.func.derby.DerbyOAFJoinTest" name="performTest">
    <skipped/>
  </testcase>
  <testcase time="0.012" classname="streamcruncher.test.func.solid.SolidTopSellingItemsUpdateGroupTest" name="performTest">
    <skipped/>
  </testcase>
  <testcase time="0.012" classname="streamcruncher.test.func.oracle.OraclePreFilterTriggerTest" name="performTest">
    <skipped/>
  </testcase>
  <testcase time="0.012" classname="streamcruncher.test.func.oracle.OracleSlidingWF1PartitionTest" name="performTest">
    <skipped/>
  </testcase>
  <testcase time="1,803.306" classname="streamcruncher.test.misc.AppendOnlyListTest" name="testReadAvailable"/>
  <testcase time="32.192" classname="streamcruncher.test.misc.AppendOnlyListTest" name="testRead"/>
  <testcase time="0.005" classname="streamcruncher.test.misc.FixedKeyHashMapSerTest" name="test"/>
  <testcase time="13.002" classname="streamcruncher.test.misc.RunnableDelayQueueTest" name="test"/>
  <testcase time="6.159" classname="streamcruncher.test.misc.TwoDAppendOnlyListTest" name="test"/>
</testsuite>